[自定義檔案 for SCMES]
c_cust_carrier_cat.sql
c_cust_lot_status.sql
c_cust_process_po_status.sql
c_cust_carrier_status.sql
c_cust_mo_priority.sql
c_cust_process_po_type.sql
c_cust_config.sql
c_cust_mo_status.sql
c_cust_quality_code.sql
c_cust_equip_prod_type.sql
c_cust_mo_type.sql
c_cust_sap_po_factory.sql
c_cust_equip_status.sql
c_cust_org_factory_map.sql
c_cust_sappo_proc_status.sql
c_cust_lot_source_code.sql
c_cust_po_group_status.sql

[製程]
fm8_basic_process.sql

[機台]
fm6_equipment.sql
fm6_equipment_status.sql
fm6_equipment_process.sql

[載具]
fm6_carrier_model.sql 
fm6_equipment_carrier.sql

[料]
fm7_material.sql
fm7_material_cat.sql

[銅線]
mwc_copper.sql
